d:\研0\testceres\sfm\x64\debug\vc143.pdb
d:\研0\testceres\sfm\x64\debug\vc143.idb
d:\研0\testceres\bin\x64\debug\sfm.lib
d:\研0\testceres\bin\x64\debug\sfm.exp
d:\研0\testceres\sfm\x64\debug\constructor.obj
d:\研0\testceres\sfm\x64\debug\image.obj
d:\研0\testceres\sfm\x64\debug\incrementalsfmdemo.obj
d:\研0\testceres\sfm\x64\debug\outputply.obj
d:\研0\testceres\sfm\x64\debug\sfm.obj
d:\研0\testceres\sfm\x64\debug\sfmapi.obj
d:\研0\testceres\sfm\x64\debug\sfm.ilk
d:\研0\testceres\bin\x64\debug\sfm.pdb
d:\研0\testceres\bin\x64\debug\sfm.dll
d:\研0\testceres\sfm\x64\debug\sfm.tlog\cl.command.1.tlog
d:\研0\testceres\sfm\x64\debug\sfm.tlog\cl.items.tlog
d:\研0\testceres\sfm\x64\debug\sfm.tlog\cl.read.1.tlog
d:\研0\testceres\sfm\x64\debug\sfm.tlog\cl.write.1.tlog
d:\研0\testceres\sfm\x64\debug\sfm.tlog\link.command.1.tlog
d:\研0\testceres\sfm\x64\debug\sfm.tlog\link.write.1.tlog
d:\研0\testceres\sfm\x64\debug\sfm.tlog\link.write.2u.tlog
